<?xml version="1.0" encoding="UTF-8"?>
<!-- Generated by org.testng.reporters.JUnitXMLReporter -->
<testsuite hostname="Sharma-Ji-ka-Ladka.local" name="Slack" tests="5" failures="0" timestamp="19 Aug 2019 17:32:06 GMT" time="14.211" errors="0">
  <testcase name="createTopic" time="1.456" classname="httputil.SlackTests"/>
  <testcase name="joinChannel" time="1.103" classname="httputil.SlackTests"/>
  <testcase name="renameChannel" time="4.588" classname="httputil.SlackTests"/>
  <testcase name="listChannel" time="4.356" classname="httputil.SlackTests"/>
  <testcase name="archiveChannel" time="2.278" classname="httputil.SlackTests"/>
</testsuite> <!-- Slack -->
